Arguments: 
  D:\Software\nodejs\node.exe D:\Software\Yarn\bin\yarn.js add -D vuepress

PATH: 
  C:\Users\39283\bin;D:\Software\cmder\bin;D:\Software\cmder\vendor\bin;C:\Program Files\Git\bin;D:\Software\cmder\vendor\git-for-windows\mingw64\bin;D:\Software\cmder\vendor\git-for-windows\usr\local\bin;D:\Software\cmder\vendor\git-for-windows\usr\bin;D:\Software\cmder\vendor\git-for-windows\usr\bin;D:\Software\cmder\vendor\git-for-windows\mingw64\bin;D:\Software\cmder\vendor\git-for-windows\usr\bin;C:\Users\39283\bin;D:\Software\cmder\vendor\conemu-maximus5\ConEmu\Scripts;D:\Software\cmder\vendor\conemu-maximus5;D:\Software\cmder\vendor\conemu-maximus5\ConEmu;C:\Program Files\Java\jdk1.8.0_251\bin;%JAVA_HOME%\bin;C:\C;D:\Software\cmder\vendor\git-for-windows\Windows\system32;C:\C;D:\Software\cmder\vendor\git-for-windows\Windows;C:\C;D:\Software\cmder\vendor\git-for-windows\Windows\System32\Wbem;C:\C;D:\Software\cmder\vendor\git-for-windows\Windows\System32\WindowsPowerShell\v1.0;C:\C;D:\Software\cmder\vendor\git-for-windows\Windows\System32\OpenSSH;D:\Software\cmder;D:\Software\Yarn\bin;D:\Software\hugo;D:\Software\nodejs;C:\Windows\System32;C:\Program Files\Git\cmd;C:\Windows;C:\Users\39283\AppData\Local\Microsoft\WindowsApps;C:\Users\39283\AppData\Local\Programs\Microsoft VS Code\bin;C:\Users\39283\AppData\Local\Yarn\bin;C:\Users\39283\AppData\Roaming\npm;D:\Software\cmder;D:\Software\cmder\vendor\git-for-windows\usr\bin\vendor_perl;D:\Software\cmder\vendor\git-for-windows\usr\bin\core_perl

Yarn version: 
  1.22.4

Node version: 
  10.20.1

Platform: 
  win32 x64

Trace: 
  Error: EPERM: operation not permitted, unlink 'D:\MainSubject\pandaUI-demo\node_modules\deasync\bin\win32-x64-node-10\deasync.node'

npm manifest: 
  {
    "name": "shawnjon-test-1",
    "version": "0.0.2",
    "description": "这是一个UI框架",
    "main": "dist/index.js",
    "scripts": {
      "start":"parcel index.html --no-cache",
       "dev-test": "parcel watch test/* --no-cache & karma start",
       "test": "parcel build test/* --no-cache --no-minify && karma start --single-run"
    },
    "repository": {
      "type": "git",
      "url": "git+https://github.com/shawnjonchan/pandaUI-demo.git"
    },
    "keywords": [
      "vue",
      "ui"
    ],
    "author": "shawnjon",
    "license": "MIT",
    "bugs": {
      "url": "https://github.com/shawnjonchan/pandaUI-demo/issues"
    },
    "homepage": "https://github.com/shawnjonchan/pandaUI-demo#readme",
    "dependencies": {
      "vue": "^2.6.12",
      "vue-hot-reload-api": "^2.3.4"
    },
    "devDependencies": {
      "@vue/component-compiler-utils": "^3.2.0",
      "chai": "^4.2.0",
      "chai-spies": "^1.0.0",
      "karma": "^5.2.3",
      "karma-chai": "^0.1.0",
      "karma-chai-spies": "^0.1.4",
      "karma-chrome-launcher": "^3.1.0",
      "karma-mocha": "^2.0.1",
      "karma-sinon-chai": "^2.0.2",
      "mocha": "^8.2.1",
      "parcel-bundler": "^1.12.4",
      "sass": "^1.28.0",
      "sinon": "^9.2.1",
      "sinon-chai": "^3.5.0",
      "vue-template-compiler": "^2.6.12"
    },
    "alias": {
      "vue": "./node_modules/vue/dist/vue.common.js"
    }
  }

yarn manifest: 
  No manifest

Lockfile: 
  No lockfile
